[debug] [2022-03-31T20:14:19.146Z] ----------------------------------------------------------------------
[debug] [2022-03-31T20:14:19.148Z] Command:       C:\Program Files\nodejs\node.exe C:\Users\metal\AppData\Roaming\npm\node_modules\firebase-tools\lib\bin\firebase.js init
[debug] [2022-03-31T20:14:19.148Z] CLI Version:   10.5.0
[debug] [2022-03-31T20:14:19.148Z] Platform:      win32
[debug] [2022-03-31T20:14:19.148Z] Node Version:  v16.13.1
[debug] [2022-03-31T20:14:19.149Z] Time:          Thu Mar 31 2022 17:14:19 GMT-0300 (hora de verano de Chile)
[debug] [2022-03-31T20:14:19.149Z] ----------------------------------------------------------------------
[debug] 
[debug] [2022-03-31T20:14:19.204Z] > command requires scopes: ["email","openid","https://www.googleapis.com/auth/cloudplatformprojects.readonly","https://www.googleapis.com/auth/firebase","https://www.googleapis.com/auth/cloud-platform"]
[debug] [2022-03-31T20:14:19.204Z] > authorizing via signed-in user (aramirez.unimarc@gmail.com)
[info] 
     ######## #### ########  ######## ########     ###     ######  ########
     ##        ##  ##     ## ##       ##     ##  ##   ##  ##       ##
     ######    ##  ########  ######   ########  #########  ######  ######
     ##        ##  ##    ##  ##       ##     ## ##     ##       ## ##
     ##       #### ##     ## ######## ########  ##     ##  ######  ########

You're about to initialize a Firebase project in this directory:

  D:\respaldo\ProgramasPropios\CursoAspReact\react-peliculas

Before we get started, keep in mind:

  * You are initializing within an existing Firebase project directory

